<?xml version="1.0" encoding="UTF-8"?>
<coverage generated="1582517297">
  <project timestamp="1582517297">
    <file name="/Users/brian/Code/kodekeep/process-runner/src/Contracts/ProcessRunner.php">
      <metrics loc="22" ncloc="14" classes="0" methods="0" coveredmethods="0" conditionals="0" coveredconditionals="0" statements="0" coveredstatements="0" elements="0" coveredelements="0"/>
    </file>
    <package name="KodeKeep\ProcessRunner\ProcessRunners">
      <file name="/Users/brian/Code/kodekeep/process-runner/src/ProcessRunners/MockProcessRunner.php">
        <class name="KodeKeep\ProcessRunner\ProcessRunners\MockProcessRunner" namespace="KodeKeep\ProcessRunner\ProcessRunners">
          <metrics complexity="6" methods="4" coveredmethods="4" conditionals="0" coveredconditionals="0" statements="10" coveredstatements="10" elements="14" coveredelements="14"/>
        </class>
        <line num="29" type="method" name="run" visibility="public" complexity="2" crap="2" count="3"/>
        <line num="31" type="stmt" count="3"/>
        <line num="33" type="stmt" count="3"/>
        <line num="34" type="stmt" count="1"/>
        <line num="37" type="stmt" count="2"/>
        <line num="39" type="stmt" count="2"/>
        <line num="42" type="method" name="mock" visibility="public" complexity="1" crap="1" count="2"/>
        <line num="44" type="stmt" count="2"/>
        <line num="45" type="stmt" count="2"/>
        <line num="47" type="method" name="mockException" visibility="public" complexity="1" crap="1" count="1"/>
        <line num="49" type="stmt" count="1"/>
        <line num="50" type="stmt" count="1"/>
        <line num="52" type="method" name="getProcess" visibility="public" complexity="2" crap="2" count="1"/>
        <line num="54" type="stmt" count="1"/>
        <metrics loc="56" ncloc="48" classes="1" methods="4" coveredmethods="4" conditionals="0" coveredconditionals="0" statements="10" coveredstatements="10" elements="14" coveredelements="14"/>
      </file>
      <file name="/Users/brian/Code/kodekeep/process-runner/src/ProcessRunners/SymfonyProcessRunner.php">
        <class name="KodeKeep\ProcessRunner\ProcessRunners\SymfonyProcessRunner" namespace="KodeKeep\ProcessRunner\ProcessRunners">
          <metrics complexity="2" methods="1" coveredmethods="1" conditionals="0" coveredconditionals="0" statements="6" coveredstatements="6" elements="7" coveredelements="7"/>
        </class>
        <line num="23" type="method" name="run" visibility="public" complexity="2" crap="2" count="2"/>
        <line num="26" type="stmt" count="2"/>
        <line num="27" type="stmt" count="1"/>
        <line num="28" type="stmt" count="1"/>
        <line num="31" type="stmt" count="2"/>
        <line num="33" type="stmt" count="2"/>
        <line num="35" type="stmt" count="2"/>
        <metrics loc="37" ncloc="29" classes="1" methods="1" coveredmethods="1" conditionals="0" coveredconditionals="0" statements="6" coveredstatements="6" elements="7" coveredelements="7"/>
      </file>
    </package>
    <package name="KodeKeep\ProcessRunner">
      <file name="/Users/brian/Code/kodekeep/process-runner/src/ShellResponse.php">
        <class name="KodeKeep\ProcessRunner\ShellResponse" namespace="KodeKeep\ProcessRunner">
          <metrics complexity="3" methods="3" coveredmethods="3" conditionals="0" coveredconditionals="0" statements="7" coveredstatements="7" elements="10" coveredelements="10"/>
        </class>
        <line num="28" type="method" name="__construct" visibility="public" complexity="1" crap="1" count="2"/>
        <line num="30" type="stmt" count="2"/>
        <line num="31" type="stmt" count="2"/>
        <line num="32" type="stmt" count="2"/>
        <line num="33" type="stmt" count="2"/>
        <line num="35" type="method" name="setProcess" visibility="public" complexity="1" crap="1" count="1"/>
        <line num="37" type="stmt" count="1"/>
        <line num="38" type="stmt" count="1"/>
        <line num="40" type="method" name="__call" visibility="public" complexity="1" crap="1" count="1"/>
        <line num="42" type="stmt" count="1"/>
        <metrics loc="44" ncloc="36" classes="1" methods="3" coveredmethods="3" conditionals="0" coveredconditionals="0" statements="7" coveredstatements="7" elements="10" coveredelements="10"/>
      </file>
    </package>
    <metrics files="4" loc="159" ncloc="127" classes="3" methods="8" coveredmethods="8" conditionals="0" coveredconditionals="0" statements="23" coveredstatements="23" elements="31" coveredelements="31"/>
  </project>
</coverage>
